<?xml version="1.0" encoding="UTF-8" ?>
<testsuite tests="1" failures="0" name="com.force4us.dao.cache.RedisDaoTest" time="6.425" errors="1" skipped="0">
  <properties>
[...]
</properties>
  <testcase classname="com.force4us.dao.cache.RedisDaoTest" name="testSeckill" time="2.526">
    <error message="Error attempting to get column &apos;create_time&apos; from result set.  Cause: java.sql.SQLException: Value &apos;0000-00-00 00:00:00&apos; can not be represented as java.sql.Timestamp
; SQL []; Value &apos;0000-00-00 00:00:00&apos; can not be represented as java.sql.Timestamp; nested exception is java.sql.SQLException: Value &apos;0000-00-00 00:00:00&apos; can not be represented as java.sql.Timestamp" type="org.springframework.dao.TransientDataAccessResourceException">org.springframework.dao.TransientDataAccessResourceException: Error attempting to get column &apos;create_time&apos; from result set.  Cause: java.sql.SQLException: Value &apos;0000-00-00 00:00:00&apos; can not be represented as java.sql.Timestamp
; SQL []; Value &apos;0000-00-00 00:00:00&apos; can not be represented as java.sql.Timestamp; nested exception is java.sql.SQLException: Value &apos;0000-00-00 00:00:00&apos; can not be represented as java.sql.Timestamp
	at org.springframework.jdbc.support.SQLStateSQLExceptionTranslator.doTranslate(SQLStateSQLExceptionTranslator.java:108)
	at org.springframework.jdbc.support.AbstractFallbackSQLExceptionTranslator.translate(AbstractFallbackSQLExceptionTranslator.java:73)
	at org.springframework.jdbc.support.AbstractFallbackSQLExceptionTranslator.translate(AbstractFallbackSQLExceptionTranslator.java:81)
	at org.springframework.jdbc.support.AbstractFallbackSQLExceptionTranslator.translate(AbstractFallbackSQLExceptionTranslator.java:81)
	at org.mybatis.spring.MyBatisExceptionTranslator.translateExceptionIfPossible(MyBatisExceptionTranslator.java:74)
	at org.mybatis.spring.SqlSessionTemplate$SqlSessionInterceptor.invoke(SqlSessionTemplate.java:399)
	at com.sun.proxy.$Proxy13.selectOne(Unknown Source)
	at org.mybatis.spring.SqlSessionTemplate.selectOne(SqlSessionTemplate.java:165)
	at org.apache.ibatis.binding.MapperMethod.execute(MapperMethod.java:69)
	at org.apache.ibatis.binding.MapperProxy.invoke(MapperProxy.java:53)
	at com.sun.proxy.$Proxy14.queryById(Unknown Source)
	at com.force4us.dao.cache.RedisDaoTest.testSeckill(RedisDaoTest.java:34)
	at sun.reflect.NativeMethodAccessorImpl.invoke0(Native Method)
	at sun.reflect.NativeMethodAccessorImpl.invoke(NativeMethodAccessorImpl.java:62)
	at sun.reflect.DelegatingMethodAccessorImpl.invoke(DelegatingMethodAccessorImpl.java:43)
	at java.lang.reflect.Method.invoke(Method.java:498)
	at org.junit.runners.model.FrameworkMethod$1.runReflectiveCall(FrameworkMethod.java:47)
	at org.junit.internal.runners.model.ReflectiveCallable.run(ReflectiveCallable.java:12)
	at org.junit.runners.model.FrameworkMethod.invokeExplosively(FrameworkMethod.java:44)
	at org.junit.internal.runners.statements.InvokeMethod.evaluate(InvokeMethod.java:17)
	at org.springframework.test.context.junit4.statements.RunBeforeTestMethodCallbacks.evaluate(RunBeforeTestMethodCallbacks.java:73)
	at org.springframework.test.context.junit4.statements.RunAfterTestMethodCallbacks.evaluate(RunAfterTestMethodCallbacks.java:82)
	at org.springframework.test.context.junit4.statements.SpringRepeat.evaluate(SpringRepeat.java:73)
	at org.junit.runners.ParentRunner.runLeaf(ParentRunner.java:271)
	at org.springframework.test.context.junit4.SpringJUnit4ClassRunner.runChild(SpringJUnit4ClassRunner.java:224)
	at org.springframework.test.context.junit4.SpringJUnit4ClassRunner.runChild(SpringJUnit4ClassRunner.java:83)
	at org.junit.runners.ParentRunner$3.run(ParentRunner.java:238)
	at org.junit.runners.ParentRunner$1.schedule(ParentRunner.java:63)
	at org.junit.runners.ParentRunner.runChildren(ParentRunner.java:236)
	at org.junit.runners.ParentRunner.access$000(ParentRunner.java:53)
	at org.junit.runners.ParentRunner$2.evaluate(ParentRunner.java:229)
	at org.springframework.test.context.junit4.statements.RunBeforeTestClassCallbacks.evaluate(RunBeforeTestClassCallbacks.java:61)
	at org.springframework.test.context.junit4.statements.RunAfterTestClassCallbacks.evaluate(RunAfterTestClassCallbacks.java:68)
	at org.junit.runners.ParentRunner.run(ParentRunner.java:309)
	at org.springframework.test.context.junit4.SpringJUnit4ClassRunner.run(SpringJUnit4ClassRunner.java:163)
	at org.apache.maven.surefire.junit4.JUnit4TestSet.execute(JUnit4TestSet.java:53)
	at org.apache.maven.surefire.junit4.JUnit4Provider.executeTestSet(JUnit4Provider.java:123)
	at org.apache.maven.surefire.junit4.JUnit4Provider.invoke(JUnit4Provider.java:104)
	at sun.reflect.NativeMethodAccessorImpl.invoke0(Native Method)
	at sun.reflect.NativeMethodAccessorImpl.invoke(NativeMethodAccessorImpl.java:62)
	at sun.reflect.DelegatingMethodAccessorImpl.invoke(DelegatingMethodAccessorImpl.java:43)
	at java.lang.reflect.Method.invoke(Method.java:498)
	at org.apache.maven.surefire.util.ReflectionUtils.invokeMethodWithArray(ReflectionUtils.java:164)
	at org.apache.maven.surefire.booter.ProviderFactory$ProviderProxy.invoke(ProviderFactory.java:110)
	at org.apache.maven.surefire.booter.SurefireStarter.invokeProvider(SurefireStarter.java:175)
	at org.apache.maven.surefire.booter.SurefireStarter.runSuitesInProcessWhenForked(SurefireStarter.java:107)
	at org.apache.maven.surefire.booter.ForkedBooter.main(ForkedBooter.java:68)
Caused by: java.sql.SQLException: Value &apos;0000-00-00 00:00:00&apos; can not be represented as java.sql.Timestamp
	at com.mysql.jdbc.SQLError.createSQLException(SQLError.java:959)
	at com.mysql.jdbc.SQLError.createSQLException(SQLError.java:898)
	at com.mysql.jdbc.SQLError.createSQLException(SQLError.java:887)
	at com.mysql.jdbc.SQLError.createSQLException(SQLError.java:862)
	at com.mysql.jdbc.ResultSetRow.getTimestampFast(ResultSetRow.java:935)
	at com.mysql.jdbc.ByteArrayRow.getTimestampFast(ByteArrayRow.java:130)
	at com.mysql.jdbc.ResultSetImpl.getTimestampInternal(ResultSetImpl.java:5950)
	at com.mysql.jdbc.ResultSetImpl.getTimestamp(ResultSetImpl.java:5618)
	at com.mysql.jdbc.ResultSetImpl.getTimestamp(ResultSetImpl.java:5647)
	at com.mchange.v2.c3p0.impl.NewProxyResultSet.getTimestamp(NewProxyResultSet.java:3394)
	at sun.reflect.NativeMethodAccessorImpl.invoke0(Native Method)
	at sun.reflect.NativeMethodAccessorImpl.invoke(NativeMethodAccessorImpl.java:62)
	at sun.reflect.DelegatingMethodAccessorImpl.invoke(DelegatingMethodAccessorImpl.java:43)
	at java.lang.reflect.Method.invoke(Method.java:498)
	at org.apache.ibatis.logging.jdbc.ResultSetLogger.invoke(ResultSetLogger.java:68)
	at com.sun.proxy.$Proxy18.getTimestamp(Unknown Source)
	at org.apache.ibatis.type.DateTypeHandler.getNullableResult(DateTypeHandler.java:39)
	at org.apache.ibatis.type.DateTypeHandler.getNullableResult(DateTypeHandler.java:28)
	at org.apache.ibatis.type.BaseTypeHandler.getResult(BaseTypeHandler.java:66)
	at org.apache.ibatis.executor.resultset.DefaultResultSetHandler.applyAutomaticMappings(DefaultResultSetHandler.java:434)
	at org.apache.ibatis.executor.resultset.DefaultResultSetHandler.getRowValue(DefaultResultSetHandler.java:344)
	at org.apache.ibatis.executor.resultset.DefaultResultSetHandler.handleRowValuesForSimpleResultMap(DefaultResultSetHandler.java:298)
	at org.apache.ibatis.executor.resultset.DefaultResultSetHandler.handleRowValues(DefaultResultSetHandler.java:273)
	at org.apache.ibatis.executor.resultset.DefaultResultSetHandler.handleResultSet(DefaultResultSetHandler.java:246)
	at org.apache.ibatis.executor.resultset.DefaultResultSetHandler.handleResultSets(DefaultResultSetHandler.java:160)
	at org.apache.ibatis.executor.statement.PreparedStatementHandler.query(PreparedStatementHandler.java:63)
	at org.apache.ibatis.executor.statement.RoutingStatementHandler.query(RoutingStatementHandler.java:78)
	at org.apache.ibatis.executor.SimpleExecutor.doQuery(SimpleExecutor.java:62)
	at org.apache.ibatis.executor.BaseExecutor.queryFromDatabase(BaseExecutor.java:303)
	at org.apache.ibatis.executor.BaseExecutor.query(BaseExecutor.java:154)
	at org.apache.ibatis.executor.CachingExecutor.query(CachingExecutor.java:102)
	at org.apache.ibatis.executor.CachingExecutor.query(CachingExecutor.java:82)
	at org.apache.ibatis.session.defaults.DefaultSqlSession.selectList(DefaultSqlSession.java:120)
	at org.apache.ibatis.session.defaults.DefaultSqlSession.selectList(DefaultSqlSession.java:113)
	at org.apache.ibatis.session.defaults.DefaultSqlSession.selectOne(DefaultSqlSession.java:73)
	at sun.reflect.NativeMethodAccessorImpl.invoke0(Native Method)
	at sun.reflect.NativeMethodAccessorImpl.invoke(NativeMethodAccessorImpl.java:62)
	at sun.reflect.DelegatingMethodAccessorImpl.invoke(DelegatingMethodAccessorImpl.java:43)
	at java.lang.reflect.Method.invoke(Method.java:498)
	at org.mybatis.spring.SqlSessionTemplate$SqlSessionInterceptor.invoke(SqlSessionTemplate.java:386)
	... 41 more
</error>
    <system-out>21:27:39,311 |-INFO in ch.qos.logback.classic.LoggerContext[default] - Could NOT find resource [logback.groovy]
21:27:39,311 |-INFO in ch.qos.logback.classic.LoggerContext[default] - Could NOT find resource [logback-test.xml]
21:27:39,312 |-INFO in ch.qos.logback.classic.LoggerContext[default] - Found resource [logback.xml] at [file:/D:/Workspace-spring/seckill-code/target/classes/logback.xml]
21:27:39,416 |-INFO in ch.qos.logback.core.joran.action.AppenderAction - About to instantiate appender of type [ch.qos.logback.core.ConsoleAppender]
21:27:39,422 |-INFO in ch.qos.logback.core.joran.action.AppenderAction - Naming appender as [STDOUT]
21:27:39,441 |-INFO in ch.qos.logback.core.joran.action.NestedComplexPropertyIA - Assuming default type [ch.qos.logback.classic.encoder.PatternLayoutEncoder] for [encoder] property
21:27:39,501 |-INFO in ch.qos.logback.classic.joran.action.RootLoggerAction - Setting level of ROOT logger to DEBUG
21:27:39,502 |-INFO in ch.qos.logback.core.joran.action.AppenderRefAction - Attaching appender named [STDOUT] to Logger[ROOT]
21:27:39,504 |-INFO in ch.qos.logback.classic.joran.action.ConfigurationAction - End of configuration.
21:27:39,506 |-INFO in ch.qos.logback.classic.joran.JoranConfigurator@3514a4c0 - Registering current configuration as safe fallback point
21:27:39.521 [main] DEBUG org.apache.ibatis.logging.LogFactory - Logging initialized using &apos;class org.apache.ibatis.logging.slf4j.Slf4jImpl&apos; adapter.
21:27:39.730 [main] DEBUG org.apache.ibatis.io.ResolverUtil - Class not found: org.jboss.vfs.VFS
21:27:39.730 [main] DEBUG org.apache.ibatis.io.ResolverUtil - JBoss 6 VFS API is not available in this environment.
21:27:39.731 [main] DEBUG org.apache.ibatis.io.ResolverUtil - Class not found: org.jboss.vfs.VirtualFile
21:27:39.733 [main] DEBUG org.apache.ibatis.io.ResolverUtil - VFS implementation org.apache.ibatis.io.JBoss6VFS is not valid in this environment.
21:27:39.735 [main] DEBUG org.apache.ibatis.io.ResolverUtil - Using VFS adapter org.apache.ibatis.io.DefaultVFS
21:27:39.735 [main] DEBUG org.apache.ibatis.io.ResolverUtil - Find JAR URL: file:/D:/Workspace-spring/seckill-code/target/classes/com/force4us/entity
21:27:39.736 [main] DEBUG org.apache.ibatis.io.ResolverUtil - Not a JAR: file:/D:/Workspace-spring/seckill-code/target/classes/com/force4us/entity
21:27:39.827 [main] DEBUG org.apache.ibatis.io.ResolverUtil - Reader entry: Seckill.class
21:27:39.829 [main] DEBUG org.apache.ibatis.io.ResolverUtil - Reader entry: SuccessKilled.class
21:27:39.830 [main] DEBUG org.apache.ibatis.io.ResolverUtil - Listing file:/D:/Workspace-spring/seckill-code/target/classes/com/force4us/entity
21:27:39.830 [main] DEBUG org.apache.ibatis.io.ResolverUtil - Find JAR URL: file:/D:/Workspace-spring/seckill-code/target/classes/com/force4us/entity/Seckill.class
21:27:39.831 [main] DEBUG org.apache.ibatis.io.ResolverUtil - Not a JAR: file:/D:/Workspace-spring/seckill-code/target/classes/com/force4us/entity/Seckill.class
21:27:39.832 [main] DEBUG org.apache.ibatis.io.ResolverUtil - Reader entry: ����&amp;#0;&amp;#0;&amp;#0;1&amp;#0;\
21:27:39.836 [main] DEBUG org.apache.ibatis.io.ResolverUtil - Find JAR URL: file:/D:/Workspace-spring/seckill-code/target/classes/com/force4us/entity/SuccessKilled.class
21:27:39.837 [main] DEBUG org.apache.ibatis.io.ResolverUtil - Not a JAR: file:/D:/Workspace-spring/seckill-code/target/classes/com/force4us/entity/SuccessKilled.class
21:27:39.843 [main] DEBUG org.apache.ibatis.io.ResolverUtil - Reader entry: ����&amp;#0;&amp;#0;&amp;#0;1&amp;#0;V
21:27:39.846 [main] DEBUG org.apache.ibatis.io.ResolverUtil - Checking to see if class com.force4us.entity.Seckill matches criteria [is assignable to Object]
21:27:39.847 [main] DEBUG org.apache.ibatis.io.ResolverUtil - Checking to see if class com.force4us.entity.SuccessKilled matches criteria [is assignable to Object]
21:27:39.852 [main] DEBUG o.m.spring.SqlSessionFactoryBean - Scanned package: &apos;com.force4us.entity&apos; for aliases
21:27:39.957 [main] DEBUG o.m.spring.SqlSessionFactoryBean - Parsed configuration file: &apos;class path resource [mybatis-config.xml]&apos;
21:27:40.079 [main] DEBUG o.m.spring.SqlSessionFactoryBean - Parsed mapper file: &apos;file [D:\Workspace-spring\seckill-code\target\classes\mapper\SeckillDao.xml]&apos;
21:27:40.103 [main] DEBUG o.m.spring.SqlSessionFactoryBean - Parsed mapper file: &apos;file [D:\Workspace-spring\seckill-code\target\classes\mapper\SuccessKilledDao.xml]&apos;
21:27:41.441 [main] DEBUG org.mybatis.spring.SqlSessionUtils - Creating a new SqlSession
21:27:41.454 [main] DEBUG org.mybatis.spring.SqlSessionUtils - SqlSession [org.apache.ibatis.session.defaults.DefaultSqlSession@662706a7] was not registered for synchronization because synchronization is not active
21:27:42.226 [main] DEBUG o.m.s.t.SpringManagedTransaction - JDBC Connection [com.mchange.v2.c3p0.impl.NewProxyConnection@6e005dc9] will not be managed by Spring
21:27:42.280 [main] DEBUG c.force4us.dao.SeckillDao.queryById - ==&gt;  Preparing: SELECT * FROM seckill WHERE seckill_id = ? 
21:27:42.453 [main] DEBUG c.force4us.dao.SeckillDao.queryById - ==&gt; Parameters: 1001(Long)
21:27:42.599 [main] DEBUG org.mybatis.spring.SqlSessionUtils - Closing non transactional SqlSession [org.apache.ibatis.session.defaults.DefaultSqlSession@662706a7]
</system-out>
    <system-err>ʮһ�� 21, 2018 9:27:36 ���� org.springframework.test.context.support.DefaultTestContextBootstrapper getDefaultTestExecutionListenerClassNames
��Ϣ: Loaded default TestExecutionListener class names from location [META-INF/spring.factories]: [org.springframework.test.context.web.ServletTestExecutionListener, org.springframework.test.context.support.DependencyInjectionTestExecutionListener, org.springframework.test.context.support.DirtiesContextTestExecutionListener, org.springframework.test.context.transaction.TransactionalTestExecutionListener, org.springframework.test.context.jdbc.SqlScriptsTestExecutionListener]
ʮһ�� 21, 2018 9:27:37 ���� org.springframework.test.context.support.DefaultTestContextBootstrapper getTestExecutionListeners
��Ϣ: Using TestExecutionListeners: [org.springframework.test.context.web.ServletTestExecutionListener@61a485d2, org.springframework.test.context.support.DependencyInjectionTestExecutionListener@39fb3ab6, org.springframework.test.context.support.DirtiesContextTestExecutionListener@6276ae34, org.springframework.test.context.transaction.TransactionalTestExecutionListener@7946e1f4, org.springframework.test.context.jdbc.SqlScriptsTestExecutionListener@3c09711b]
ʮһ�� 21, 2018 9:27:37 ���� org.springframework.beans.factory.xml.XmlBeanDefinitionReader loadBeanDefinitions
��Ϣ: Loading XML bean definitions from class path resource [spring/spring-dao.xml]
ʮһ�� 21, 2018 9:27:37 ���� org.springframework.context.support.GenericApplicationContext prepareRefresh
��Ϣ: Refreshing org.springframework.context.support.GenericApplicationContext@55f3ddb1: startup date [Wed Nov 21 21:27:37 CST 2018]; root of context hierarchy
ʮһ�� 21, 2018 9:27:38 ���� org.springframework.context.support.PropertySourcesPlaceholderConfigurer loadProperties
��Ϣ: Loading properties file from class path resource [jdbc.properties]
ʮһ�� 21, 2018 9:27:38 ���� com.mchange.v2.log.MLog &lt;clinit&gt;
��Ϣ: MLog clients using java 1.4+ standard logging.
ʮһ�� 21, 2018 9:27:39 ���� com.mchange.v2.c3p0.C3P0Registry banner
��Ϣ: Initializing c3p0-0.9.1.2 [built 21-May-2007 15:04:56; debug? true; trace: 10]
ʮһ�� 21, 2018 9:27:41 ���� com.mchange.v2.c3p0.impl.AbstractPoolBackedDataSource getPoolManager
��Ϣ: Initializing c3p0 pool... com.mchange.v2.c3p0.ComboPooledDataSource [ acquireIncrement -&gt; 3, acquireRetryAttempts -&gt; 2, acquireRetryDelay -&gt; 1000, autoCommitOnClose -&gt; false, automaticTestTable -&gt; null, breakAfterAcquireFailure -&gt; false, checkoutTimeout -&gt; 1000, connectionCustomizerClassName -&gt; null, connectionTesterClassName -&gt; com.mchange.v2.c3p0.impl.DefaultConnectionTester, dataSourceName -&gt; 1hgegox9zf3xliw12miswt|5e82df6a, debugUnreturnedConnectionStackTraces -&gt; false, description -&gt; null, driverClass -&gt; com.mysql.jdbc.Driver, factoryClassLocation -&gt; null, forceIgnoreUnresolvedTransactions -&gt; false, identityToken -&gt; 1hgegox9zf3xliw12miswt|5e82df6a, idleConnectionTestPeriod -&gt; 0, initialPoolSize -&gt; 3, jdbcUrl -&gt; jdbc:mysql:///seckill?useUnicode=true&amp;characterEncoding=utf-8, maxAdministrativeTaskTime -&gt; 0, maxConnectionAge -&gt; 0, maxIdleTime -&gt; 0, maxIdleTimeExcessConnections -&gt; 0, maxPoolSize -&gt; 30, maxStatements -&gt; 0, maxStatementsPerConnection -&gt; 0, minPoolSize -&gt; 10, numHelperThreads -&gt; 3, numThreadsAwaitingCheckoutDefaultUser -&gt; 0, preferredTestQuery -&gt; null, properties -&gt; {user=******, password=******}, propertyCycle -&gt; 0, testConnectionOnCheckin -&gt; false, testConnectionOnCheckout -&gt; false, unreturnedConnectionTimeout -&gt; 0, usesTraditionalReflectiveProxies -&gt; false ]
ʮһ�� 21, 2018 9:27:42 ���� org.springframework.beans.factory.xml.XmlBeanDefinitionReader loadBeanDefinitions
��Ϣ: Loading XML bean definitions from class path resource [org/springframework/jdbc/support/sql-error-codes.xml]
ʮһ�� 21, 2018 9:27:42 ���� org.springframework.jdbc.support.SQLErrorCodesFactory &lt;init&gt;
��Ϣ: SQLErrorCodes loaded: [DB2, Derby, H2, HSQL, Informix, MS-SQL, MySQL, Oracle, PostgreSQL, Sybase, Hana]
</system-err>
  </testcase>
</testsuite>